    Blocking waiting for file lock on build directory
warning: unused variable: `e`
   --> src/routes.rs:417:16
    |
417 |     if let Err(e) = fs::rename(temp_photo_path, &new_path) {
    |                ^ help: if this is intentional, prefix it with an underscore: `_e`
    |
    = note: `#[warn(unused_variables)]` (part of `#[warn(unused)]`) on by default

warning: struct `ErrorLogEntry` is never constructed
  --> src/models.rs:26:12
   |
26 | pub struct ErrorLogEntry {
   |            ^^^^^^^^^^^^^
   |
   = note: `#[warn(dead_code)]` (part of `#[warn(unused)]`) on by default

warning: `backend` (bin "backend") generated 2 warnings
    Finished `dev` profile [unoptimized + debuginfo] target(s) in 0.64s
warning: the following packages contain code that will be rejected by a future version of Rust: sqlx-postgres v0.7.4
note: to see what the problems were, use the option `--future-incompat-report`, or run `cargo report future-incompatibilities --id 1`
     Running `backend/target/debug/backend`
Connecting to database: postgres://postgres:root@db:5432/postgres

thread 'main' (52303) panicked at src/main.rs:28:10:
Failed to create pool.: Io(Custom { kind: Uncategorized, error: "failed to lookup address information: Name or service not known" })
note: run with `RUST_BACKTRACE=1` environment variable to display a backtrace
